Arguments: 
  C:\Program Files\nodejs\node.exe C:\Users\Niko\AppData\Roaming\npm\node_modules\yarn\bin\yarn.js

PATH: 
  C:\Python311\Scripts\;C:\Python311\;C:\Program Files\Eclipse Adoptium\jdk-11.0.15.10-hotspot\bin;C:\Python310\Scripts\;C:\Python310\;C:\Windows\system32;C:\Windows;C:\Windows\System32\Wbem;C:\Windows\System32\WindowsPowerShell\v1.0\;C:\Windows\System32\OpenSSH\;C:\Program Files\NVIDIA Corporation\NVIDIA NvDLISR;C:\ProgramData\chocolatey\bin;C:\Program Files\Git\cmd;C:\Program Files\nodejs\;C:\Program Files\Amazon\AWSCLIV2\;C:\Users\Niko\AppData\Local\Microsoft\WindowsApps;;C:\Program Files\JetBrains\WebStorm 2021.3.2\bin;;C:\Users\Niko\AppData\Local\Programs\Microsoft VS Code\bin;C:\Users\Niko\AppData\Roaming\npm

Yarn version: 
  1.22.19

Node version: 
  18.14.1

Platform: 
  win32 x64

Trace: 
  SyntaxError: C:\Users\Niko\Desktop\Engeland Map\package.json: Unexpected token } in JSON at position 174
      at JSON.parse (<anonymous>)
      at C:\Users\Niko\AppData\Roaming\npm\node_modules\yarn\lib\cli.js:1629:59
      at Generator.next (<anonymous>)
      at step (C:\Users\Niko\AppData\Roaming\npm\node_modules\yarn\lib\cli.js:310:30)
      at C:\Users\Niko\AppData\Roaming\npm\node_modules\yarn\lib\cli.js:321:13

npm manifest: 
  {
    "name": "chairiere",
    "version": "1.0.0",
    "description": "Backend (Lambda Restless) for Chairiere website",
    "main": "index.js",
    "scripts": {
      "build": "tsc",
    },
    "repository": {
      "type": "git",
      "url": "git+https://github.com/nvanhoeck/Chairiere.git"
    },
    "keywords": [],
    "author": "",
    "license": "ISC",
    "bugs": {
      "url": "https://github.com/nvanhoeck/Chairiere/issues"
    },
    "homepage": "https://github.com/nvanhoeck/Chairiere#readme",
    "devDependencies": {
      "@types/aws-lambda": "^8.10.102",
      "@types/jest": "^29.0.0",
      "@types/mysql": "^2.15.21",
      "@types/uuid": "^8.3.4"
    },
    "dependencies": {
      "@aws-sdk/client-s3": "^3.272.0",
      "@types/lodash": "^4.14.184",
      "aws-lambda": "^1.0.7",
      "axios": "^1.2.1",
      "fs": "^0.0.1-security",
      "ical2json": "^3.1.2",
      "icalendar": "^0.7.1",
      "lodash": "^4.17.21",
      "mysql": "^2.18.1",
      "typescript": "^4.9.5",
      "uuid": "^8.3.2"
    }
  }

yarn manifest: 
  No manifest

Lockfile: 
  No lockfile
